
  .   ____          _            __ _ _
 /\\ / ___'_ __ _ _(_)_ __  __ _ \ \ \ \
( ( )\___ | '_ | '_| | '_ \/ _` | \ \ \ \
 \\/  ___)| |_)| | | | | || (_| |  ) ) ) )
  '  |____| .__|_| |_|_| |_\__, | / / / /
 =========|_|==============|___/=/_/_/_/
 :: Spring Boot ::        (v2.1.1.RELEASE)

2018-12-28 12:39:01.607  INFO 3348 --- [           main] com.org.dms.DmsTrialApplication          : Starting DmsTrialApplication v0.0.1-SNAPSHOT on LENOVOLTP185 with PID 3348 (D:\Mayur Kalekar\spring-boot\dms-trial\target\dms-trial-0.0.1-SNAPSHOT.jar started by mayur.kalekar in D:\Mayur Kalekar\spring-boot\dms-trial)
2018-12-28 12:39:01.616  INFO 3348 --- [           main] com.org.dms.DmsTrialApplication          : No active profile set, falling back to default profiles: default
2018-12-28 12:39:04.613  INFO 3348 --- [           main] o.s.b.w.embedded.tomcat.TomcatWebServer  : Tomcat initialized with port(s): 8080 (http)
2018-12-28 12:39:04.671  INFO 3348 --- [           main] o.apache.catalina.core.StandardService   : Starting service [Tomcat]
2018-12-28 12:39:04.671  INFO 3348 --- [           main] org.apache.catalina.core.StandardEngine  : Starting Servlet Engine: Apache Tomcat/9.0.13
2018-12-28 12:39:04.693  INFO 3348 --- [           main] o.a.catalina.core.AprLifecycleListener   : The APR based Apache Tomcat Native library which allows optimal performance in production environments was not found on the java.library.path: [C:\ProgramData\Oracle\Java\javapath;C:\Windows\Sun\Java\bin;C:\Windows\system32;C:\Windows;D:\app\mayur.kalekar\product\11.2.0\dbhome_1\bin;C:\oraclexe\app\oracle\product\11.2.0\server\bin;C:\ProgramData\Oracle\Java\javapath;C:\Program Files (x86)\Intel\iCLS Client\;C:\Program Files\Intel\iCLS Client\;C:\Windows\system32;C:\Windows;C:\Windows\System32\Wbem;C:\Windows\System32\WindowsPowerShell\v1.0\;C:\Program Files (x86)\Intel\Intel(R) Management Engine Components\DAL;C:\Program Files\Intel\Intel(R) Management Engine Components\DAL;C:\Program Files (x86)\Intel\Intel(R) Management Engine Components\IPT;C:\Program Files\Intel\Intel(R) Management Engine Components\IPT;C:\Program Files\TortoiseSVN\bin;C:\Program Files\Java\jdk1.8.0_101\bin;D:\Software\apache-ant-1.9.6\bin;C:\Program Files\PuTTY\;C:\Program Files\nodejs\;C:\Program Files (x86)\Git\cmd;C:\Program Files\Intel\WiFi\bin\;C:\Program Files\Common Files\Intel\WirelessCommon\;C:\gradle-2.0\bin\;C:\mysql-5.7.19-winx64\bin\;C:\Program Files (x86)\Skype\Phone\;C:\Users\mayur.kalekar\AppData\Roaming\npm;D:\Mayur Kalekar\libs-req\;C:\Users\mayur.kalekar\AppData\Local\Programs\Python\Python36-32;C:\Users\mayur.kalekar\AppData\Local\Programs\Python\Python36-32\Scripts;C:\Program Files (x86)\Microsoft SQL Server\100\Tools\Binn\;C:\Program Files\Microsoft SQL Server\100\Tools\Binn\;C:\Program Files\Microsoft SQL Server\100\DTS\Binn\;C:\Program Files (x86)\Microsoft SQL Server\100\Tools\Binn\VSShell\Common7\IDE\;C:\Program Files (x86)\Microsoft SQL Server\100\DTS\Binn\;C:\Users\mayur.kalekar\AppData\Roaming\gnupg;C:\Users\mayur.kalekar\AppData\Local\Programs\Python\Launcher\;C:\Users\mayur.kalekar\AppData\Local\Microsoft\WindowsApps;;C:\Program Files\Microsoft VS Code\bin;.]
2018-12-28 12:39:04.896  INFO 3348 --- [           main] o.a.c.c.C.[Tomcat].[localhost].[/]       : Initializing Spring embedded WebApplicationContext
2018-12-28 12:39:04.897  INFO 3348 --- [           main] o.s.web.context.ContextLoader            : Root WebApplicationContext: initialization completed in 3163 ms
2018-12-28 12:39:05.247  INFO 3348 --- [           main] o.s.s.concurrent.ThreadPoolTaskExecutor  : Initializing ExecutorService 'applicationTaskExecutor'
2018-12-28 12:39:05.424  INFO 3348 --- [           main] o.s.b.a.w.s.WelcomePageHandlerMapping    : Adding welcome page: class path resource [static/index.html]
2018-12-28 12:39:05.591  INFO 3348 --- [           main] o.s.b.w.embedded.tomcat.TomcatWebServer  : Tomcat started on port(s): 8080 (http) with context path ''
2018-12-28 12:39:05.601  INFO 3348 --- [           main] com.org.dms.DmsTrialApplication          : Started DmsTrialApplication in 4.781 seconds (JVM running for 5.516)
2018-12-28 12:39:07.755  INFO 3348 --- [nio-8080-exec-1] o.a.c.c.C.[Tomcat].[localhost].[/]       : Initializing Spring DispatcherServlet 'dispatcherServlet'
2018-12-28 12:39:07.755  INFO 3348 --- [nio-8080-exec-1] o.s.web.servlet.DispatcherServlet        : Initializing Servlet 'dispatcherServlet'
2018-12-28 12:39:07.762  INFO 3348 --- [nio-8080-exec-1] o.s.web.servlet.DispatcherServlet        : Completed initialization in 7 ms
2018-12-28 12:40:08.901  INFO 3348 --- [       Thread-3] o.s.s.concurrent.ThreadPoolTaskExecutor  : Shutting down ExecutorService 'applicationTaskExecutor'
